<?xml version="1.0" encoding="UTF-8"?>
<!-- Generated by org.testng.reporters.JUnitReportReporter -->
<testsuite hostname="LAPTOP-33D8O45U" failures="0" tests="8" name="practice.Test131FKHighestAndLowestPriceModel" time="75.660" errors="0" timestamp="2023-09-20T16:38:31 IST" skipped="2">
  <testcase classname="practice.Test131FKHighestAndLowestPriceModel" name="startRecording" time="0.146"/>
  <testcase classname="practice.Test131FKHighestAndLowestPriceModel" name="closeBannerIfExists" time="15.980"/>
  <testcase classname="practice.Test131FKHighestAndLowestPriceModel" name="closeSite" time="0.244"/>
  <testcase classname="practice.Test131FKHighestAndLowestPriceModel" name="stopRecording" time="2.047"/>
  <testcase classname="practice.Test131FKHighestAndLowestPriceModel" name="zipFile" time="0.877">
    <system-out>
      <![CDATA[Zip completed.]]>
    </system-out>
  </testcase> <!-- zipFile -->
  <testcase classname="practice.Test131FKHighestAndLowestPriceModel" name="sentMail" time="56.366">
    <system-out>
      <![CDATA[=====Email Sent=====]]>
    </system-out>
  </testcase> <!-- sentMail -->
  <testcase classname="practice.Test131FKHighestAndLowestPriceModel" name="getHeighestLowestPrice">
    <skipped/>
  </testcase> <!-- getHeighestLowestPrice -->
  <testcase classname="practice.Test131FKHighestAndLowestPriceModel" name="collectNamePrice">
    <skipped/>
  </testcase> <!-- collectNamePrice -->
  <system-out>
    <![CDATA[Zip completed.
=====Email Sent=====]]>
  </system-out>
</testsuite> <!-- practice.Test131FKHighestAndLowestPriceModel -->
