<?xml version="1.0" encoding="UTF-8"?>
<!-- Generated by org.testng.reporters.JUnitReportReporter -->
<testsuite hostname="LAPTOP-33D8O45U" failures="0" tests="1" name="practice.Test20" time="3.703" errors="0" timestamp="2023-07-27T16:36:24 IST" skipped="0">
  <testcase classname="practice.Test20" name="m11" time="3.703"/>
</testsuite> <!-- practice.Test20 -->
