<?xml version="1.0" encoding="UTF-8"?>
<!-- Generated by org.testng.reporters.JUnitReportReporter -->
<testsuite hostname="LAPTOP-33D8O45U" failures="0" tests="3" name="practice.Ttdsite" time="39.779" errors="0" timestamp="2023-07-28T14:15:07 IST" skipped="0">
  <testcase classname="practice.Ttdsite" name="downloadBrowserDrivers" time="7.723"/>
  <testcase classname="practice.Ttdsite" name="LaunchBrowser" time="31.934"/>
  <testcase classname="practice.Ttdsite" name="getScrollinglMsg" time="0.122"/>
</testsuite> <!-- practice.Ttdsite -->
