<?xml version="1.0" encoding="UTF-8"?>
<!-- Generated by org.testng.reporters.JUnitReportReporter -->
<testsuite hostname="LAPTOP-33D8O45U" failures="0" tests="2" name="practice.TestNGTest" time="0.014" errors="0" timestamp="2023-07-27T16:12:43 IST" skipped="0">
  <testcase classname="practice.TestNGTest" name="m1" time="0.011"/>
  <testcase classname="practice.TestNGTest" name="a1" time="0.003"/>
</testsuite> <!-- practice.TestNGTest -->
