<?xml version="1.0" encoding="UTF-8"?>
<!-- Generated by org.testng.reporters.JUnitReportReporter -->
<testsuite hostname="LAPTOP-33D8O45U" failures="0" tests="1" name="practice.Test129UnZipFile" time="0.025" errors="0" timestamp="2023-09-20T11:08:56 IST" skipped="0">
  <testcase classname="practice.Test129UnZipFile" name="method1" time="0.025"/>
</testsuite> <!-- practice.Test129UnZipFile -->
