<?xml version="1.0" encoding="UTF-8"?>
<!-- Generated by org.testng.reporters.JUnitReportReporter -->
<testsuite hostname="LAPTOP-33D8O45U" failures="0" tests="1" name="employePack.Test1" time="9.782" errors="0" timestamp="2023-09-29T12:58:39 IST" skipped="0">
  <testcase classname="employePack.Test1" name="launchBrowser" time="9.782"/>
</testsuite> <!-- employePack.Test1 -->
