<?xml version="1.0" encoding="UTF-8"?>
<!-- Generated by org.testng.reporters.JUnitReportReporter -->
<testsuite hostname="LAPTOP-33D8O45U" failures="0" tests="9" name="practice.Test158RegFormFillingByGetDataFrmPropertiesAndXLSXFiles" time="104.256" errors="0" timestamp="2023-09-26T21:42:27 IST" skipped="0">
  <testcase classname="practice.Test158RegFormFillingByGetDataFrmPropertiesAndXLSXFiles" name="readPropertiesFile" time="0.009">
    <system-out>
      <![CDATA[Properties File loaded]]>
    </system-out>
  </testcase> <!-- readPropertiesFile -->
  <testcase classname="practice.Test158RegFormFillingByGetDataFrmPropertiesAndXLSXFiles" name="readXLSXFile" time="0.762">
    <system-out>
      <![CDATA[xl File loaded]]>
    </system-out>
  </testcase> <!-- readXLSXFile -->
  <testcase classname="practice.Test158RegFormFillingByGetDataFrmPropertiesAndXLSXFiles" name="openBrowser" time="2.441"/>
  <testcase classname="practice.Test158RegFormFillingByGetDataFrmPropertiesAndXLSXFiles" name="launchSite" time="36.490"/>
  <testcase classname="practice.Test158RegFormFillingByGetDataFrmPropertiesAndXLSXFiles" name="RegisterFormFill" time="64.068">
    <system-out>
      <![CDATA[You are valid user
You are valid user
You are valid user
You are valid user]]>
    </system-out>
  </testcase> <!-- RegisterFormFill -->
  <testcase classname="practice.Test158RegFormFillingByGetDataFrmPropertiesAndXLSXFiles" name="saveXLFile" time="0.226"/>
  <testcase classname="practice.Test158RegFormFillingByGetDataFrmPropertiesAndXLSXFiles" name="closeBrowser" time="0.260"/>
  <testcase classname="practice.Test158RegFormFillingByGetDataFrmPropertiesAndXLSXFiles" name="sentMai9" time="0.000">
    <system-out>
      <![CDATA[email sent to manager]]>
    </system-out>
  </testcase> <!-- sentMai9 -->
  <testcase classname="practice.Test158RegFormFillingByGetDataFrmPropertiesAndXLSXFiles" name="zipresultFile" time="0.000">
    <system-out>
      <![CDATA[xl file zipped]]>
    </system-out>
  </testcase> <!-- zipresultFile -->
  <system-out>
    <![CDATA[Properties File loaded
xl File loaded
You are valid user
You are valid user
You are valid user
You are valid user
email sent to manager
xl file zipped]]>
  </system-out>
</testsuite> <!-- practice.Test158RegFormFillingByGetDataFrmPropertiesAndXLSXFiles -->
