<?xml version="1.0" encoding="UTF-8"?>
<!-- Generated by org.testng.reporters.JUnitReportReporter -->
<testsuite hostname="LAPTOP-33D8O45U" failures="0" tests="1" name="practice.Test128ZipFile" time="0.027" errors="0" timestamp="2023-09-20T11:02:50 IST" skipped="0">
  <testcase classname="practice.Test128ZipFile" name="method1" time="0.027"/>
</testsuite> <!-- practice.Test128ZipFile -->
