<?xml version="1.0" encoding="UTF-8"?>
<!-- Generated by org.testng.reporters.JUnitReportReporter -->
<testsuite hostname="LAPTOP-33D8O45U" failures="0" tests="4" name="practice.Test127ATUTestRecorder" time="42.212" errors="0" timestamp="2023-09-20T10:46:02 IST" skipped="0">
  <testcase classname="practice.Test127ATUTestRecorder" name="startRecorder" time="0.774"/>
  <testcase classname="practice.Test127ATUTestRecorder" name="paginationTesting" time="38.965">
    <system-out>
      <![CDATA[Close Button Clicked]]>
    </system-out>
  </testcase> <!-- paginationTesting -->
  <testcase classname="practice.Test127ATUTestRecorder" name="closeSite" time="0.244"/>
  <testcase classname="practice.Test127ATUTestRecorder" name="stopRecorder" time="2.229"/>
  <system-out>
    <![CDATA[Close Button Clicked]]>
  </system-out>
</testsuite> <!-- practice.Test127ATUTestRecorder -->
