<?xml version="1.0" encoding="UTF-8"?>
<!-- Generated by org.testng.reporters.JUnitReportReporter -->
<testsuite hostname="LAPTOP-33D8O45U" failures="0" tests="1" name="practice.Test20" time="6.143" errors="0" timestamp="2023-07-28T14:28:29 IST" skipped="0">
  <testcase classname="practice.Test20" name="m11" time="6.143"/>
</testsuite> <!-- practice.Test20 -->
