<?xml version="1.0" encoding="UTF-8"?>
<!-- Generated by org.testng.reporters.JUnitReportReporter -->
<testsuite hostname="LAPTOP-33D8O45U" failures="0" tests="1" name="OtherExamp.TestNGTestAndMainMethod" time="0.003" errors="0" timestamp="2023-07-27T18:26:59 IST" skipped="0">
  <testcase classname="OtherExamp.TestNGTestAndMainMethod" name="m1" time="0.003"/>
</testsuite> <!-- OtherExamp.TestNGTestAndMainMethod -->
