<?xml version="1.0" encoding="UTF-8"?>
<!-- Generated by org.testng.reporters.JUnitReportReporter -->
<testsuite hostname="LAPTOP-33D8O45U" failures="0" tests="2" name="practice.TestNGTest" time="0.004" errors="0" timestamp="2023-07-27T16:14:25 IST" skipped="0">
  <testcase classname="practice.TestNGTest" name="m1" time="0.004"/>
  <testcase classname="practice.TestNGTest" name="a1" time="0.000"/>
</testsuite> <!-- practice.TestNGTest -->
