<?xml version="1.0" encoding="UTF-8"?>
<!-- Generated by org.testng.reporters.JUnitReportReporter -->
<testsuite hostname="LAPTOP-33D8O45U" failures="0" tests="3" name="practice.Ttdsite" time="34.500" errors="0" timestamp="2023-07-28T14:28:29 IST" skipped="0">
  <testcase classname="practice.Ttdsite" name="downloadBrowserDrivers" time="5.673"/>
  <testcase classname="practice.Ttdsite" name="LaunchBrowser" time="28.707"/>
  <testcase classname="practice.Ttdsite" name="getScrollinglMsg" time="0.120"/>
</testsuite> <!-- practice.Ttdsite -->
